Running on: v009.ib.bridges2.psc.edu
Job ID: 39930285
Python: /jet/home/mjaju/miniconda3/envs/nn/bin/python
PWD: /ocean/projects/cis260039p/mjaju
✅ Training manifest exists: /ocean/projects/cis260039p/mjaju/projects/data/processed/training_manifest.csv
Loading training records from training_manifest.csv...
   Total records: 9348

Splitting data with randomization...
   Train: 6543 (70.0%)
   Valid: 1402 (15.0%) [randomized]
   Test:  1403 (15.0%)

Creating datasets...
Building LigandPocketNet model...
   Device: cuda
   Model parameters: 2,331,893

Validating data-model dimensions...
✓ Ligand node features shape: torch.Size([2, 16])
✓ Ligand edges: torch.Size([2, 2])
✓ Pocket node features shape: torch.Size([280, 25])
✓ Pocket edges: torch.Size([2, 2658])
✓ Interaction node features shape: torch.Size([282, 25])
✓ Label shape: torch.Size([1])
✗ Dimension validation failed: The size of tensor a (128) must match the size of tensor b (10) at non-singleton dimension 1

❌ Dimension validation failed. Exiting.
