Running on: v006.ib.bridges2.psc.edu
Job ID: 39930366
Python: /jet/home/mjaju/miniconda3/envs/nn/bin/python
PWD: /ocean/projects/cis260039p/mjaju
✅ Training manifest exists: /ocean/projects/cis260039p/mjaju/projects/data/processed/training_manifest.csv
Loading training records from training_manifest.csv...
   Total records: 9348

Splitting data with randomization...
   Train: 6543 (70.0%)
   Valid: 1402 (15.0%) [randomized]
   Test:  1403 (15.0%)

Creating datasets...
Building LigandPocketNet model...
   Device: cuda
   Model parameters: 2,480,129

Validating data-model dimensions...
✓ Ligand node features shape: torch.Size([2, 16])
✓ Ligand edges: torch.Size([2, 2])
✓ Pocket node features shape: torch.Size([280, 25])
✓ Pocket edges: torch.Size([2, 2658])
✓ Interaction node features shape: torch.Size([282, 25])
✓ Label shape: torch.Size([1])
✗ Dimension validation failed: Deterministic behavior was enabled with either `torch.use_deterministic_algorithms(True)` or `at::Context::setDeterministicAlgorithms(true)`, but this operation is not deterministic because it uses CuBLAS and you have CUDA >= 10.2. To enable deterministic behavior in this case, you must set an environment variable before running your PyTorch application: CUBLAS_WORKSPACE_CONFIG=:4096:8 or CUBLAS_WORKSPACE_CONFIG=:16:8. For more information, go to https://docs.nvidia.com/cuda/cublas/index.html#results-reproducibility

❌ Dimension validation failed. Exiting.
